E:\LIBRARIES\CLOUD STORAGE\DROPBOX\SCHOOL\14 - FALL 2013\VIDEO GAME PRODUCTION PROJECT\LASTBASTION\DEBUG\LASTBASTION.BSC
E:\LIBRARIES\CLOUD STORAGE\DROPBOX\SCHOOL\14 - FALL 2013\VIDEO GAME PRODUCTION PROJECT\LASTBASTION\LASTBASTION\DEBUG\TIMER.SBR
E:\LIBRARIES\CLOUD STORAGE\DROPBOX\SCHOOL\14 - FALL 2013\VIDEO GAME PRODUCTION PROJECT\LASTBASTION\LASTBASTION\DEBUG\MENUITEM.SBR
E:\LIBRARIES\CLOUD STORAGE\DROPBOX\SCHOOL\14 - FALL 2013\VIDEO GAME PRODUCTION PROJECT\LASTBASTION\LASTBASTION\DEBUG\GAMELOG.SBR
E:\LIBRARIES\CLOUD STORAGE\DROPBOX\SCHOOL\14 - FALL 2013\VIDEO GAME PRODUCTION PROJECT\LASTBASTION\LASTBASTION\DEBUG\TINYXMLPARSER.SBR
E:\LIBRARIES\CLOUD STORAGE\DROPBOX\SCHOOL\14 - FALL 2013\VIDEO GAME PRODUCTION PROJECT\LASTBASTION\LASTBASTION\DEBUG\TINYXMLPARSER.OBJ
E:\LIBRARIES\CLOUD STORAGE\DROPBOX\SCHOOL\14 - FALL 2013\VIDEO GAME PRODUCTION PROJECT\LASTBASTION\LASTBASTION\DEBUG\GAMELOG.OBJ
E:\LIBRARIES\CLOUD STORAGE\DROPBOX\SCHOOL\14 - FALL 2013\VIDEO GAME PRODUCTION PROJECT\LASTBASTION\LASTBASTION\DEBUG\TINYXMLERROR.SBR
E:\LIBRARIES\CLOUD STORAGE\DROPBOX\SCHOOL\14 - FALL 2013\VIDEO GAME PRODUCTION PROJECT\LASTBASTION\LASTBASTION\DEBUG\TINYXML.SBR
E:\LIBRARIES\CLOUD STORAGE\DROPBOX\SCHOOL\14 - FALL 2013\VIDEO GAME PRODUCTION PROJECT\LASTBASTION\LASTBASTION\DEBUG\TINYSTR.SBR
E:\LIBRARIES\CLOUD STORAGE\DROPBOX\SCHOOL\14 - FALL 2013\VIDEO GAME PRODUCTION PROJECT\LASTBASTION\LASTBASTION\DEBUG\BASE64.SBR
E:\LIBRARIES\CLOUD STORAGE\DROPBOX\SCHOOL\14 - FALL 2013\VIDEO GAME PRODUCTION PROJECT\LASTBASTION\LASTBASTION\DEBUG\BASE64.OBJ
E:\LIBRARIES\CLOUD STORAGE\DROPBOX\SCHOOL\14 - FALL 2013\VIDEO GAME PRODUCTION PROJECT\LASTBASTION\LASTBASTION\DEBUG\TINYSTR.OBJ
E:\LIBRARIES\CLOUD STORAGE\DROPBOX\SCHOOL\14 - FALL 2013\VIDEO GAME PRODUCTION PROJECT\LASTBASTION\LASTBASTION\DEBUG\TINYXML.OBJ
E:\LIBRARIES\CLOUD STORAGE\DROPBOX\SCHOOL\14 - FALL 2013\VIDEO GAME PRODUCTION PROJECT\LASTBASTION\LASTBASTION\DEBUG\TINYXMLERROR.OBJ
E:\LIBRARIES\CLOUD STORAGE\DROPBOX\SCHOOL\14 - FALL 2013\VIDEO GAME PRODUCTION PROJECT\LASTBASTION\LASTBASTION\DEBUG\VC110.PDB
E:\LIBRARIES\CLOUD STORAGE\DROPBOX\SCHOOL\14 - FALL 2013\VIDEO GAME PRODUCTION PROJECT\LASTBASTION\LASTBASTION\DEBUG\MENUITEM.OBJ
E:\LIBRARIES\CLOUD STORAGE\DROPBOX\SCHOOL\14 - FALL 2013\VIDEO GAME PRODUCTION PROJECT\LASTBASTION\LASTBASTION\DEBUG\TIMER.OBJ
E:\LIBRARIES\CLOUD STORAGE\DROPBOX\SCHOOL\14 - FALL 2013\VIDEO GAME PRODUCTION PROJECT\LASTBASTION\LASTBASTION\DEBUG\INTROSTATE.SBR
E:\LIBRARIES\CLOUD STORAGE\DROPBOX\SCHOOL\14 - FALL 2013\VIDEO GAME PRODUCTION PROJECT\LASTBASTION\LASTBASTION\DEBUG\INTROSTATE.OBJ
E:\LIBRARIES\CLOUD STORAGE\DROPBOX\SCHOOL\14 - FALL 2013\VIDEO GAME PRODUCTION PROJECT\LASTBASTION\LASTBASTION\DEBUG\GAMEENGINE.SBR
E:\LIBRARIES\CLOUD STORAGE\DROPBOX\SCHOOL\14 - FALL 2013\VIDEO GAME PRODUCTION PROJECT\LASTBASTION\LASTBASTION\DEBUG\MAIN.SBR
E:\LIBRARIES\CLOUD STORAGE\DROPBOX\SCHOOL\14 - FALL 2013\VIDEO GAME PRODUCTION PROJECT\LASTBASTION\LASTBASTION\DEBUG\AUDIOHELPER.SBR
E:\LIBRARIES\CLOUD STORAGE\DROPBOX\SCHOOL\14 - FALL 2013\VIDEO GAME PRODUCTION PROJECT\LASTBASTION\LASTBASTION\DEBUG\RENDERHELPER.SBR
E:\LIBRARIES\CLOUD STORAGE\DROPBOX\SCHOOL\14 - FALL 2013\VIDEO GAME PRODUCTION PROJECT\LASTBASTION\LASTBASTION\DEBUG\GAMEENGINE.OBJ
E:\LIBRARIES\CLOUD STORAGE\DROPBOX\SCHOOL\14 - FALL 2013\VIDEO GAME PRODUCTION PROJECT\LASTBASTION\LASTBASTION\DEBUG\MAIN.OBJ
E:\LIBRARIES\CLOUD STORAGE\DROPBOX\SCHOOL\14 - FALL 2013\VIDEO GAME PRODUCTION PROJECT\LASTBASTION\LASTBASTION\DEBUG\AUDIOHELPER.OBJ
E:\LIBRARIES\CLOUD STORAGE\DROPBOX\SCHOOL\14 - FALL 2013\VIDEO GAME PRODUCTION PROJECT\LASTBASTION\LASTBASTION\DEBUG\RENDERHELPER.OBJ
E:\LIBRARIES\CLOUD STORAGE\DROPBOX\SCHOOL\14 - FALL 2013\VIDEO GAME PRODUCTION PROJECT\LASTBASTION\LASTBASTION\DEBUG\TMXTILESET.SBR
E:\LIBRARIES\CLOUD STORAGE\DROPBOX\SCHOOL\14 - FALL 2013\VIDEO GAME PRODUCTION PROJECT\LASTBASTION\LASTBASTION\DEBUG\TMXTILE.SBR
E:\LIBRARIES\CLOUD STORAGE\DROPBOX\SCHOOL\14 - FALL 2013\VIDEO GAME PRODUCTION PROJECT\LASTBASTION\LASTBASTION\DEBUG\TMXPROPERTYSET.SBR
E:\LIBRARIES\CLOUD STORAGE\DROPBOX\SCHOOL\14 - FALL 2013\VIDEO GAME PRODUCTION PROJECT\LASTBASTION\LASTBASTION\DEBUG\TMXPOLYLINE.SBR
E:\LIBRARIES\CLOUD STORAGE\DROPBOX\SCHOOL\14 - FALL 2013\VIDEO GAME PRODUCTION PROJECT\LASTBASTION\LASTBASTION\DEBUG\TMXPOLYGON.SBR
E:\LIBRARIES\CLOUD STORAGE\DROPBOX\SCHOOL\14 - FALL 2013\VIDEO GAME PRODUCTION PROJECT\LASTBASTION\LASTBASTION\DEBUG\TMXOBJECTGROUP.SBR
E:\LIBRARIES\CLOUD STORAGE\DROPBOX\SCHOOL\14 - FALL 2013\VIDEO GAME PRODUCTION PROJECT\LASTBASTION\LASTBASTION\DEBUG\TMXOBJECT.SBR
E:\LIBRARIES\CLOUD STORAGE\DROPBOX\SCHOOL\14 - FALL 2013\VIDEO GAME PRODUCTION PROJECT\LASTBASTION\LASTBASTION\DEBUG\TMXMAP.SBR
E:\LIBRARIES\CLOUD STORAGE\DROPBOX\SCHOOL\14 - FALL 2013\VIDEO GAME PRODUCTION PROJECT\LASTBASTION\LASTBASTION\DEBUG\TMXLAYER.SBR
E:\LIBRARIES\CLOUD STORAGE\DROPBOX\SCHOOL\14 - FALL 2013\VIDEO GAME PRODUCTION PROJECT\LASTBASTION\LASTBASTION\DEBUG\TMXIMAGELAYER.SBR
E:\LIBRARIES\CLOUD STORAGE\DROPBOX\SCHOOL\14 - FALL 2013\VIDEO GAME PRODUCTION PROJECT\LASTBASTION\LASTBASTION\DEBUG\TMXIMAGE.SBR
E:\LIBRARIES\CLOUD STORAGE\DROPBOX\SCHOOL\14 - FALL 2013\VIDEO GAME PRODUCTION PROJECT\LASTBASTION\LASTBASTION\DEBUG\TMXIMAGE.OBJ
E:\LIBRARIES\CLOUD STORAGE\DROPBOX\SCHOOL\14 - FALL 2013\VIDEO GAME PRODUCTION PROJECT\LASTBASTION\LASTBASTION\DEBUG\TMXIMAGELAYER.OBJ
E:\LIBRARIES\CLOUD STORAGE\DROPBOX\SCHOOL\14 - FALL 2013\VIDEO GAME PRODUCTION PROJECT\LASTBASTION\LASTBASTION\DEBUG\TMXOBJECT.OBJ
E:\LIBRARIES\CLOUD STORAGE\DROPBOX\SCHOOL\14 - FALL 2013\VIDEO GAME PRODUCTION PROJECT\LASTBASTION\LASTBASTION\DEBUG\TMXOBJECTGROUP.OBJ
E:\LIBRARIES\CLOUD STORAGE\DROPBOX\SCHOOL\14 - FALL 2013\VIDEO GAME PRODUCTION PROJECT\LASTBASTION\LASTBASTION\DEBUG\TMXPROPERTYSET.OBJ
E:\LIBRARIES\CLOUD STORAGE\DROPBOX\SCHOOL\14 - FALL 2013\VIDEO GAME PRODUCTION PROJECT\LASTBASTION\LASTBASTION\DEBUG\TMXTILE.OBJ
E:\LIBRARIES\CLOUD STORAGE\DROPBOX\SCHOOL\14 - FALL 2013\VIDEO GAME PRODUCTION PROJECT\LASTBASTION\LASTBASTION\DEBUG\TMXTILESET.OBJ
E:\LIBRARIES\CLOUD STORAGE\DROPBOX\SCHOOL\14 - FALL 2013\VIDEO GAME PRODUCTION PROJECT\LASTBASTION\LASTBASTION\DEBUG\TMXELLIPSE.SBR
E:\LIBRARIES\CLOUD STORAGE\DROPBOX\SCHOOL\14 - FALL 2013\VIDEO GAME PRODUCTION PROJECT\LASTBASTION\LASTBASTION\DEBUG\TMXELLIPSE.OBJ
E:\LIBRARIES\CLOUD STORAGE\DROPBOX\SCHOOL\14 - FALL 2013\VIDEO GAME PRODUCTION PROJECT\LASTBASTION\LASTBASTION\DEBUG\TMXUTIL.SBR
E:\LIBRARIES\CLOUD STORAGE\DROPBOX\SCHOOL\14 - FALL 2013\VIDEO GAME PRODUCTION PROJECT\LASTBASTION\LASTBASTION\DEBUG\TMXUTIL.OBJ
E:\LIBRARIES\CLOUD STORAGE\DROPBOX\SCHOOL\14 - FALL 2013\VIDEO GAME PRODUCTION PROJECT\LASTBASTION\LASTBASTION\DEBUG\STARTSTATE.SBR
E:\LIBRARIES\CLOUD STORAGE\DROPBOX\SCHOOL\14 - FALL 2013\VIDEO GAME PRODUCTION PROJECT\LASTBASTION\LASTBASTION\DEBUG\STARTSTATE.OBJ
E:\LIBRARIES\CLOUD STORAGE\DROPBOX\SCHOOL\14 - FALL 2013\VIDEO GAME PRODUCTION PROJECT\LASTBASTION\LASTBASTION\DEBUG\MAINMENUSTATE.SBR
E:\LIBRARIES\CLOUD STORAGE\DROPBOX\SCHOOL\14 - FALL 2013\VIDEO GAME PRODUCTION PROJECT\LASTBASTION\LASTBASTION\DEBUG\MAINMENUSTATE.OBJ
E:\LIBRARIES\CLOUD STORAGE\DROPBOX\SCHOOL\14 - FALL 2013\VIDEO GAME PRODUCTION PROJECT\LASTBASTION\DEBUG\LASTBASTION.ILK
E:\LIBRARIES\CLOUD STORAGE\DROPBOX\SCHOOL\14 - FALL 2013\VIDEO GAME PRODUCTION PROJECT\LASTBASTION\DEBUG\LASTBASTION.EXE
E:\LIBRARIES\CLOUD STORAGE\DROPBOX\SCHOOL\14 - FALL 2013\VIDEO GAME PRODUCTION PROJECT\LASTBASTION\DEBUG\LASTBASTION.PDB
E:\Libraries\Cloud Storage\Dropbox\School\14 - Fall 2013\Video Game Production Project\LastBastion\LastBastion\Debug\AudioHelper.obj
E:\Libraries\Cloud Storage\Dropbox\School\14 - Fall 2013\Video Game Production Project\LastBastion\LastBastion\Debug\base64.obj
E:\Libraries\Cloud Storage\Dropbox\School\14 - Fall 2013\Video Game Production Project\LastBastion\LastBastion\Debug\GameEngine.obj
E:\Libraries\Cloud Storage\Dropbox\School\14 - Fall 2013\Video Game Production Project\LastBastion\LastBastion\Debug\GameLog.obj
E:\Libraries\Cloud Storage\Dropbox\School\14 - Fall 2013\Video Game Production Project\LastBastion\LastBastion\Debug\IntroState.obj
E:\Libraries\Cloud Storage\Dropbox\School\14 - Fall 2013\Video Game Production Project\LastBastion\LastBastion\Debug\main.obj
E:\Libraries\Cloud Storage\Dropbox\School\14 - Fall 2013\Video Game Production Project\LastBastion\LastBastion\Debug\MainMenuState.obj
E:\Libraries\Cloud Storage\Dropbox\School\14 - Fall 2013\Video Game Production Project\LastBastion\LastBastion\Debug\MenuItem.obj
E:\Libraries\Cloud Storage\Dropbox\School\14 - Fall 2013\Video Game Production Project\LastBastion\LastBastion\Debug\RenderHelper.obj
E:\Libraries\Cloud Storage\Dropbox\School\14 - Fall 2013\Video Game Production Project\LastBastion\LastBastion\Debug\StartState.obj
E:\Libraries\Cloud Storage\Dropbox\School\14 - Fall 2013\Video Game Production Project\LastBastion\LastBastion\Debug\Timer.obj
E:\Libraries\Cloud Storage\Dropbox\School\14 - Fall 2013\Video Game Production Project\LastBastion\LastBastion\Debug\tinystr.obj
E:\Libraries\Cloud Storage\Dropbox\School\14 - Fall 2013\Video Game Production Project\LastBastion\LastBastion\Debug\tinyxml.obj
E:\Libraries\Cloud Storage\Dropbox\School\14 - Fall 2013\Video Game Production Project\LastBastion\LastBastion\Debug\tinyxmlerror.obj
E:\Libraries\Cloud Storage\Dropbox\School\14 - Fall 2013\Video Game Production Project\LastBastion\LastBastion\Debug\tinyxmlparser.obj
E:\Libraries\Cloud Storage\Dropbox\School\14 - Fall 2013\Video Game Production Project\LastBastion\LastBastion\Debug\TmxEllipse.obj
E:\Libraries\Cloud Storage\Dropbox\School\14 - Fall 2013\Video Game Production Project\LastBastion\LastBastion\Debug\TmxImage.obj
E:\Libraries\Cloud Storage\Dropbox\School\14 - Fall 2013\Video Game Production Project\LastBastion\LastBastion\Debug\TmxImageLayer.obj
E:\Libraries\Cloud Storage\Dropbox\School\14 - Fall 2013\Video Game Production Project\LastBastion\LastBastion\Debug\TmxObject.obj
E:\Libraries\Cloud Storage\Dropbox\School\14 - Fall 2013\Video Game Production Project\LastBastion\LastBastion\Debug\TmxObjectGroup.obj
E:\Libraries\Cloud Storage\Dropbox\School\14 - Fall 2013\Video Game Production Project\LastBastion\LastBastion\Debug\TmxPropertySet.obj
E:\Libraries\Cloud Storage\Dropbox\School\14 - Fall 2013\Video Game Production Project\LastBastion\LastBastion\Debug\TmxTile.obj
E:\Libraries\Cloud Storage\Dropbox\School\14 - Fall 2013\Video Game Production Project\LastBastion\LastBastion\Debug\TmxTileset.obj
E:\Libraries\Cloud Storage\Dropbox\School\14 - Fall 2013\Video Game Production Project\LastBastion\LastBastion\Debug\TmxUtil.obj
E:\Libraries\Cloud Storage\Dropbox\School\14 - Fall 2013\Video Game Production Project\LastBastion\LastBastion\Debug\BscMake.command.1.tlog
E:\Libraries\Cloud Storage\Dropbox\School\14 - Fall 2013\Video Game Production Project\LastBastion\LastBastion\Debug\bscmake.read.1.tlog
E:\Libraries\Cloud Storage\Dropbox\School\14 - Fall 2013\Video Game Production Project\LastBastion\LastBastion\Debug\BscMake.write.1.tlog
E:\Libraries\Cloud Storage\Dropbox\School\14 - Fall 2013\Video Game Production Project\LastBastion\LastBastion\Debug\cl.command.1.tlog
E:\Libraries\Cloud Storage\Dropbox\School\14 - Fall 2013\Video Game Production Project\LastBastion\LastBastion\Debug\CL.read.1.tlog
E:\Libraries\Cloud Storage\Dropbox\School\14 - Fall 2013\Video Game Production Project\LastBastion\LastBastion\Debug\CL.write.1.tlog
E:\Libraries\Cloud Storage\Dropbox\School\14 - Fall 2013\Video Game Production Project\LastBastion\LastBastion\Debug\link-cvtres.read.1.tlog
E:\Libraries\Cloud Storage\Dropbox\School\14 - Fall 2013\Video Game Production Project\LastBastion\LastBastion\Debug\link-cvtres.write.1.tlog
E:\Libraries\Cloud Storage\Dropbox\School\14 - Fall 2013\Video Game Production Project\LastBastion\LastBastion\Debug\link-rc.read.1.tlog
E:\Libraries\Cloud Storage\Dropbox\School\14 - Fall 2013\Video Game Production Project\LastBastion\LastBastion\Debug\link-rc.write.1.tlog
E:\Libraries\Cloud Storage\Dropbox\School\14 - Fall 2013\Video Game Production Project\LastBastion\LastBastion\Debug\link.2256-cvtres.read.1.tlog
E:\Libraries\Cloud Storage\Dropbox\School\14 - Fall 2013\Video Game Production Project\LastBastion\LastBastion\Debug\link.2256-cvtres.write.1.tlog
E:\Libraries\Cloud Storage\Dropbox\School\14 - Fall 2013\Video Game Production Project\LastBastion\LastBastion\Debug\link.2256-rc.read.1.tlog
E:\Libraries\Cloud Storage\Dropbox\School\14 - Fall 2013\Video Game Production Project\LastBastion\LastBastion\Debug\link.2256-rc.write.1.tlog
E:\Libraries\Cloud Storage\Dropbox\School\14 - Fall 2013\Video Game Production Project\LastBastion\LastBastion\Debug\link.2256.read.1.tlog
E:\Libraries\Cloud Storage\Dropbox\School\14 - Fall 2013\Video Game Production Project\LastBastion\LastBastion\Debug\link.2256.write.1.tlog
E:\Libraries\Cloud Storage\Dropbox\School\14 - Fall 2013\Video Game Production Project\LastBastion\LastBastion\Debug\link.8052-cvtres.read.1.tlog
E:\Libraries\Cloud Storage\Dropbox\School\14 - Fall 2013\Video Game Production Project\LastBastion\LastBastion\Debug\link.8052-cvtres.write.1.tlog
E:\Libraries\Cloud Storage\Dropbox\School\14 - Fall 2013\Video Game Production Project\LastBastion\LastBastion\Debug\link.8052-rc.read.1.tlog
E:\Libraries\Cloud Storage\Dropbox\School\14 - Fall 2013\Video Game Production Project\LastBastion\LastBastion\Debug\link.8052-rc.write.1.tlog
E:\Libraries\Cloud Storage\Dropbox\School\14 - Fall 2013\Video Game Production Project\LastBastion\LastBastion\Debug\link.8052.read.1.tlog
E:\Libraries\Cloud Storage\Dropbox\School\14 - Fall 2013\Video Game Production Project\LastBastion\LastBastion\Debug\link.8052.write.1.tlog
E:\Libraries\Cloud Storage\Dropbox\School\14 - Fall 2013\Video Game Production Project\LastBastion\LastBastion\Debug\link.command.1.tlog
E:\Libraries\Cloud Storage\Dropbox\School\14 - Fall 2013\Video Game Production Project\LastBastion\LastBastion\Debug\link.read.1.tlog
E:\Libraries\Cloud Storage\Dropbox\School\14 - Fall 2013\Video Game Production Project\LastBastion\LastBastion\Debug\link.write.1.tlog
E:\Libraries\Cloud Storage\Dropbox\School\14 - Fall 2013\Video Game Production Project\LastBastion\LastBastion\Debug\vc110.idb
E:\Libraries\Cloud Storage\Dropbox\School\14 - Fall 2013\Video Game Production Project\LastBastion\LastBastion\Debug\vc110.pdb
E:\Libraries\Cloud Storage\Dropbox\School\14 - Fall 2013\Video Game Production Project\LastBastion\LastBastion\Debug\AudioHelper.sbr
E:\Libraries\Cloud Storage\Dropbox\School\14 - Fall 2013\Video Game Production Project\LastBastion\LastBastion\Debug\base64.sbr
E:\Libraries\Cloud Storage\Dropbox\School\14 - Fall 2013\Video Game Production Project\LastBastion\LastBastion\Debug\GameEngine.sbr
E:\Libraries\Cloud Storage\Dropbox\School\14 - Fall 2013\Video Game Production Project\LastBastion\LastBastion\Debug\GameLog.sbr
E:\Libraries\Cloud Storage\Dropbox\School\14 - Fall 2013\Video Game Production Project\LastBastion\LastBastion\Debug\IntroState.sbr
E:\Libraries\Cloud Storage\Dropbox\School\14 - Fall 2013\Video Game Production Project\LastBastion\LastBastion\Debug\main.sbr
E:\Libraries\Cloud Storage\Dropbox\School\14 - Fall 2013\Video Game Production Project\LastBastion\LastBastion\Debug\MainMenuState.sbr
E:\Libraries\Cloud Storage\Dropbox\School\14 - Fall 2013\Video Game Production Project\LastBastion\LastBastion\Debug\MenuItem.sbr
E:\Libraries\Cloud Storage\Dropbox\School\14 - Fall 2013\Video Game Production Project\LastBastion\LastBastion\Debug\RenderHelper.sbr
E:\Libraries\Cloud Storage\Dropbox\School\14 - Fall 2013\Video Game Production Project\LastBastion\LastBastion\Debug\StartState.sbr
E:\Libraries\Cloud Storage\Dropbox\School\14 - Fall 2013\Video Game Production Project\LastBastion\LastBastion\Debug\Timer.sbr
E:\Libraries\Cloud Storage\Dropbox\School\14 - Fall 2013\Video Game Production Project\LastBastion\LastBastion\Debug\tinystr.sbr
E:\Libraries\Cloud Storage\Dropbox\School\14 - Fall 2013\Video Game Production Project\LastBastion\LastBastion\Debug\tinyxml.sbr
E:\Libraries\Cloud Storage\Dropbox\School\14 - Fall 2013\Video Game Production Project\LastBastion\LastBastion\Debug\tinyxmlerror.sbr
E:\Libraries\Cloud Storage\Dropbox\School\14 - Fall 2013\Video Game Production Project\LastBastion\LastBastion\Debug\tinyxmlparser.sbr
E:\Libraries\Cloud Storage\Dropbox\School\14 - Fall 2013\Video Game Production Project\LastBastion\LastBastion\Debug\TmxEllipse.sbr
E:\Libraries\Cloud Storage\Dropbox\School\14 - Fall 2013\Video Game Production Project\LastBastion\LastBastion\Debug\TmxImage.sbr
E:\Libraries\Cloud Storage\Dropbox\School\14 - Fall 2013\Video Game Production Project\LastBastion\LastBastion\Debug\TmxImageLayer.sbr
E:\Libraries\Cloud Storage\Dropbox\School\14 - Fall 2013\Video Game Production Project\LastBastion\LastBastion\Debug\TmxLayer.sbr
E:\Libraries\Cloud Storage\Dropbox\School\14 - Fall 2013\Video Game Production Project\LastBastion\LastBastion\Debug\TmxMap.sbr
E:\Libraries\Cloud Storage\Dropbox\School\14 - Fall 2013\Video Game Production Project\LastBastion\LastBastion\Debug\TmxObject.sbr
E:\Libraries\Cloud Storage\Dropbox\School\14 - Fall 2013\Video Game Production Project\LastBastion\LastBastion\Debug\TmxObjectGroup.sbr
E:\Libraries\Cloud Storage\Dropbox\School\14 - Fall 2013\Video Game Production Project\LastBastion\LastBastion\Debug\TmxPolygon.sbr
E:\Libraries\Cloud Storage\Dropbox\School\14 - Fall 2013\Video Game Production Project\LastBastion\LastBastion\Debug\TmxPolyline.sbr
E:\Libraries\Cloud Storage\Dropbox\School\14 - Fall 2013\Video Game Production Project\LastBastion\LastBastion\Debug\TmxPropertySet.sbr
E:\Libraries\Cloud Storage\Dropbox\School\14 - Fall 2013\Video Game Production Project\LastBastion\LastBastion\Debug\TmxTile.sbr
E:\Libraries\Cloud Storage\Dropbox\School\14 - Fall 2013\Video Game Production Project\LastBastion\LastBastion\Debug\TmxTileset.sbr
E:\Libraries\Cloud Storage\Dropbox\School\14 - Fall 2013\Video Game Production Project\LastBastion\LastBastion\Debug\TmxUtil.sbr
E:\Libraries\Cloud Storage\Dropbox\School\14 - Fall 2013\Video Game Production Project\LastBastion\Debug\LastBastion.pdb
E:\Libraries\Cloud Storage\Dropbox\School\14 - Fall 2013\Video Game Production Project\LastBastion\Debug\LastBastion.exe
E:\Libraries\Cloud Storage\Dropbox\School\14 - Fall 2013\Video Game Production Project\LastBastion\Debug\LastBastion.bsc
E:\Libraries\Cloud Storage\Dropbox\School\14 - Fall 2013\Video Game Production Project\LastBastion\Debug\LastBastion.ilk
